<?xml version="1.0" encoding="UTF-8"?>
<testsuite name="censusanalyser.CensusAnalyserTest" tests="21" skipped="0" failures="0" errors="0" timestamp="2020-08-28T17:31:55" hostname="EEE1407203" time="1.097">
  <properties/>
  <testcase name="givenIndiaStateCode_WhenDelimiterIncorrect_ShouldThrowException" classname="censusanalyser.CensusAnalyserTest" time="0.085"/>
  <testcase name="givenUSCensusData_ShouldReturnsCorrectRecords" classname="censusanalyser.CensusAnalyserTest" time="0.256"/>
  <testcase name="givenIndianStateCensus_WhenSortedOnStatePopulationDensity_ShouldReturnSortedResult" classname="censusanalyser.CensusAnalyserTest" time="0.126"/>
  <testcase name="givenIndiaCensusData_WhenHeaderIncorrect_ShouldThrowException" classname="censusanalyser.CensusAnalyserTest" time="0.001"/>
  <testcase name="givenIndiaStateCode_WhenHeaderIncorrect_ShouldThrowException" classname="censusanalyser.CensusAnalyserTest" time="0.001"/>
  <testcase name="givenIndiaStateCode_WithWrongFile_ShouldThrowException" classname="censusanalyser.CensusAnalyserTest" time="0.002"/>
  <testcase name="givenUSCensusData_WhenSortedOnStatePopulation_ShouldReturnSortedResult" classname="censusanalyser.CensusAnalyserTest" time="0.085"/>
  <testcase name="givenUSCensusData_WhenSortedOnStateCode_ShouldReturnSortedResult" classname="censusanalyser.CensusAnalyserTest" time="0.053"/>
  <testcase name="givenIndianStateCode_WhenSortedOnStateCode_ShouldReturnSortedResult" classname="censusanalyser.CensusAnalyserTest" time="0.046"/>
  <testcase name="givenIndianStateCensus_WhenSortedOnStateArea_ShouldReturnSortedResult" classname="censusanalyser.CensusAnalyserTest" time="0.039"/>
  <testcase name="givenIndianCensusData_WhenSortedOnState_ShouldReturnSortedResult" classname="censusanalyser.CensusAnalyserTest" time="0.054"/>
  <testcase name="givenIndiaStateCode_WhenWrongType_ShouldThrowException" classname="censusanalyser.CensusAnalyserTest" time="0.003"/>
  <testcase name="givenUSCensusData_WhenSortedOnStatePopulationDensity_ShouldReturnSortedResult" classname="censusanalyser.CensusAnalyserTest" time="0.055"/>
  <testcase name="givenIndianCensusCSVFile_ShouldReturnsCorrectRecords" classname="censusanalyser.CensusAnalyserTest" time="0.041"/>
  <testcase name="givenUSCensusData_WhenSortedOnStatePopulationWithDensity_ShouldReturnSortedResult" classname="censusanalyser.CensusAnalyserTest" time="0.052"/>
  <testcase name="givenIndiaCensusData_WithWrongFile_ShouldThrowException" classname="censusanalyser.CensusAnalyserTest" time="0.001"/>
  <testcase name="givenIndiaCensusData_WhenDelimiterIncorrect_ShouldThrowException" classname="censusanalyser.CensusAnalyserTest" time="0.002"/>
  <testcase name="givenIndiaCensusData_WhenWrongType_ShouldThrowException" classname="censusanalyser.CensusAnalyserTest" time="0.001"/>
  <testcase name="givenIndiaCensusData_WhenSortedOnStatePopulationWithDensity_ShouldReturnSortedResult" classname="censusanalyser.CensusAnalyserTest" time="0.054"/>
  <testcase name="givenIndianStateCensus_WhenSortedOnStatePopulation_ShouldReturnSortedResult" classname="censusanalyser.CensusAnalyserTest" time="0.049"/>
  <testcase name="givenUSCensusData_WhenSortedOnStateArea_ShouldReturnSortedResult" classname="censusanalyser.CensusAnalyserTest" time="0.076"/>
  <system-out><![CDATA[]]></system-out>
  <system-err><![CDATA[]]></system-err>
</testsuite>
