<?xml version="1.0" encoding="UTF-8"?>
<testsuite name="censusanalyser.CensusAnalyserTest" tests="10" skipped="0" failures="0" errors="0" timestamp="2020-08-20T08:57:09" hostname="EEE1407203" time="0.935">
  <properties/>
  <testcase name="givenIndiaStateCode_WhenDelimiterIncorrect_ShouldThrowException" classname="censusanalyser.CensusAnalyserTest" time="0.358"/>
  <testcase name="givenIndianCensusCSVFileReturnsCorrectRecords" classname="censusanalyser.CensusAnalyserTest" time="0.498"/>
  <testcase name="givenIndiaCensusData_WhenHeaderIncorrect_ShouldThrowException" classname="censusanalyser.CensusAnalyserTest" time="0.007"/>
  <testcase name="givenIndiaStateCode_WhenHeaderIncorrect_ShouldThrowException" classname="censusanalyser.CensusAnalyserTest" time="0.006"/>
  <testcase name="givenIndiaStateCode_WithWrongFile_ShouldThrowException" classname="censusanalyser.CensusAnalyserTest" time="0.003"/>
  <testcase name="givenIndiaStateCode_WhenWrongType_ShouldThrowException" classname="censusanalyser.CensusAnalyserTest" time="0.002"/>
  <testcase name="givenIndianStateCodeCSVFileReturnsCorrectRecords" classname="censusanalyser.CensusAnalyserTest" time="0.004"/>
  <testcase name="givenIndiaCensusData_WithWrongFile_ShouldThrowException" classname="censusanalyser.CensusAnalyserTest" time="0.001"/>
  <testcase name="givenIndiaCensusData_WhenDelimiterIncorrect_ShouldThrowException" classname="censusanalyser.CensusAnalyserTest" time="0.016"/>
  <testcase name="givenIndiaCensusData_WhenWrongType_ShouldThrowException" classname="censusanalyser.CensusAnalyserTest" time="0.003"/>
  <system-out><![CDATA[]]></system-out>
  <system-err><![CDATA[]]></system-err>
</testsuite>
